2023-10-26 14:37:02,734 - Pengguna gomensades007 Memasukan kode klaim yang tidak valid pada jam 2023-10-26 14:37:02.734940
2023-10-26 14:38:25,031 - Pengguna gomensades007 telah Berhasil mendapatkan sejumlah + 6300 pada waktu 2023-10-26 14:38:25.031615
2023-10-26 14:38:39,223 - Pengguna gomensades007 Memasukan kode klaim yang tidak valid pada waktu 2023-10-26 14:38:39.223155
2023-10-26 14:42:32,974 - Pengguna gomensades007 Memasukan kode klaim yang tidak valid pada waktu : 2023-10-26 14:42:32.974217
2023-10-26 14:42:52,228 - Pengguna gomensades007 Memasukan kode klaim yang tidak valid pada waktu : 2023-10-26 14:42:52.228781
2023-10-26 14:42:58,212 - Pengguna gomensades007 Memasukan kode klaim yang tidak valid pada waktu : 2023-10-26 14:42:58.212725
2023-10-26 14:43:06,906 - Pengguna gomensades007 telah memasukan code terlalu banyak pada waktu : 2023-10-26 14:43:06.906993
2023-10-26 14:43:17,835 - Pengguna gomensades007 telah memasukan code terlalu banyak pada waktu : 2023-10-26 14:43:17.835207
2023-10-26 15:38:11,310 - Pengguna gomensades007 Memasukan kode klaim yang tidak valid pada waktu : 2023-10-26 15:38:11.310740
2023-10-31 03:04:45,789 - Pengguna gomensades007 telah Berhasil mendapatkan sejumlah + 211 pada waktu : 2023-10-31 03:04:45.789630
2023-10-31 03:05:07,452 - Pengguna gomensades007 telah Berhasil mendapatkan sejumlah + 211 pada waktu : 2023-10-31 03:05:07.452773
2023-10-31 03:05:25,565 - Pengguna gomensades007 telah Berhasil mendapatkan sejumlah + 1200 pada waktu : 2023-10-31 03:05:25.565288
2023-10-31 03:06:08,131 - Pengguna gomensades007 telah memasukan code terlalu banyak pada waktu : 2023-10-31 03:06:08.131379
2023-11-01 12:37:01,036 - Pengguna gomensades007 telah Berhasil mendapatkan sejumlah + 1500 pada waktu : 2023-11-01 12:37:01.036665
2023-11-01 12:46:06,300 - Pengguna gomensades007 telah Berhasil mendapatkan sejumlah + 1500 pada waktu : 2023-11-01 12:46:06.300422
2023-11-01 12:48:24,701 - Pengguna gomensades007 telah Berhasil mendapatkan sejumlah + 333 pada waktu : 2023-11-01 12:48:24.701574
2023-11-01 12:57:11,298 - Pengguna gomensades007 telah Berhasil mendapatkan sejumlah + 555 pada waktu : 2023-11-01 12:57:11.298240
2023-11-01 15:24:05,000 - Pengguna gomensades007 Memasukan kode klaim yang tidak valid pada waktu : 2023-11-01 15:24:05.000867
2023-11-01 15:24:15,296 - Pengguna gomensades007 Memasukan kode klaim yang tidak valid pada waktu : 2023-11-01 15:24:15.296228
2023-11-01 15:25:22,080 - Pengguna gomensades007 Memasukan kode klaim yang tidak valid pada waktu : 2023-11-01 15:25:22.080474
2023-11-01 15:34:51,506 - Pengguna gomensades007 telah Berhasil mendapatkan sejumlah + 1500 pada waktu : 2023-11-01 15:34:51.506723
2023-11-01 22:55:20,973 - Pengguna Firefly0995 Memasukan kode klaim yang tidak valid pada waktu : 2023-11-01 22:55:20.973360
2023-11-01 22:55:39,379 - Pengguna Firefly0995 Memasukan kode klaim yang tidak valid pada waktu : 2023-11-01 22:55:39.379585
2023-11-01 23:01:52,492 - Pengguna Firefly0995 telah Berhasil mendapatkan sejumlah + 5000 pada waktu : 2023-11-01 23:01:52.492375
